<?xml version="1.0" encoding="utf-8"?>
<testsuites>
  <testsuite name="RIMMSQOL reveals and hides the Contented Livestock shortcut" tests="3" failures="0" skipped="0" flakes="0" time="29.499">
    <testcase name="RIMMSQOL lists the hidden shortcut" classname="RIMMSQOL reveals and hides the Contented Livestock shortcut" time="12.064">
      <system-out>Attachment: smoke-attachment -&gt; smoke test attachment content
</system-out>
    </testcase>
    <testcase name="RIMMSQOL reveals a live shortcut that opens this mod's settings" classname="RIMMSQOL reveals and hides the Contented Livestock shortcut" time="8.496">
      <system-out>Attachment: smoke-attachment -&gt; smoke test attachment content
Attachment: contented livestock settings opened through rimmsqol -&gt; /mnt/c/Users/nelim/Documents/rimworld/pickle-reports/screenshots/manual--contented-livestock-settings-opened-through-rimmsqol--step0.png
</system-out>
    </testcase>
    <testcase name="RIMMSQOL hides and forgets the shortcut cleanly" classname="RIMMSQOL reveals and hides the Contented Livestock shortcut" time="8.939">
      <system-out>Attachment: smoke-attachment -&gt; smoke test attachment content
</system-out>
    </testcase>
  </testsuite>
</testsuites>