<?xml version="1.0" encoding="utf-8"?>
<testsuites>
  <testsuite name="Contented Livestock remains healthy through the first game hour" tests="1" failures="0" skipped="0" flakes="0" time="31.582">
    <testcase name="a milkable animal advances without patch or def errors" classname="Contented Livestock remains healthy through the first game hour" time="31.582">
      <system-out>Attachment: smoke-attachment -&gt; smoke test attachment content
Attachment: scenario 00 - milkable cow before first game hour -&gt; /mnt/c/Users/nelim/Documents/rimworld/pickle-reports/screenshots/manual--scenario-00---milkable-cow-before-first-game-hour--step0.png
Attachment: scenario 00 - milkable cow after first game hour -&gt; /mnt/c/Users/nelim/Documents/rimworld/pickle-reports/screenshots/manual--scenario-00---milkable-cow-after-first-game-hour--step0.png
Attachment: film-frames -&gt; /mnt/c/Users/nelim/Documents/rimworld/pickle-reports/screenshots/film/Contented-Livestock-remains-healthy-through-the-first-game-hour--a-milkable-animal-advances-without-patch-or-def-errors/0000.jpg
</system-out>
    </testcase>
  </testsuite>
</testsuites>