<?xml version="1.0" encoding="utf-8"?>
<testsuites>
  <testsuite name="Settings return after a separate-process restart" tests="1" failures="0" skipped="0" flakes="0" time="11.304">
    <testcase name="read every distinctive setting in the next launch and clean up" classname="Settings return after a separate-process restart" time="11.304">
      <system-out>Attachment: smoke-attachment -&gt; smoke test attachment content
Attachment: scenario 13 - distinctive settings after process restart -&gt; /mnt/c/Users/nelim/Documents/rimworld/pickle-reports/screenshots/manual--scenario-13---distinctive-settings-after-process-restart--step0.png
</system-out>
    </testcase>
  </testsuite>
</testsuites>