<?xml version="1.0" encoding="utf-8"?>
<testsuites>
  <testsuite name="Scenario 06 health pulls Contentment down and recovers" tests="1" failures="0" skipped="0" flakes="0" time="16.908">
    <testcase name="pain and bleeding make a capped negative contribution that healing clears" classname="Scenario 06 health pulls Contentment down and recovers" time="16.908">
      <system-out>Attachment: smoke-attachment -&gt; smoke test attachment content
Attachment: scenario 06 - injured cow negative health contribution -&gt; /mnt/c/Users/nelim/Documents/rimworld/pickle-reports/screenshots/manual--scenario-06---injured-cow-negative-health-contribution--step0.png
Attachment: scenario 06 - healed cow health contribution recovered -&gt; /mnt/c/Users/nelim/Documents/rimworld/pickle-reports/screenshots/manual--scenario-06---healed-cow-health-contribution-recovered--step0.png
Attachment: film-frames -&gt; /mnt/c/Users/nelim/Documents/rimworld/pickle-reports/screenshots/film/Scenario-06-health-pulls-Contentment-down-and-recovers--pain-and-bleeding-make-a-capped-negative-contribution-that-healing-clears/0000.jpg
</system-out>
    </testcase>
  </testsuite>
</testsuites>