<?xml version="1.0" encoding="utf-8"?>
<testsuites>
  <testsuite name="Contentment survives a save and reload" tests="1" failures="0" skipped="0" flakes="0" time="20.108">
    <testcase name="level and last-feed memory return with the animal" classname="Contentment survives a save and reload" time="20.108">
      <system-out>Attachment: smoke-attachment -&gt; smoke test attachment content
Attachment: scenario 13 - contentment before save and reload -&gt; /mnt/c/Users/nelim/Documents/rimworld/pickle-reports/screenshots/manual--scenario-13---contentment-before-save-and-reload--step0.png
Attachment: scenario 13 - contentment after save and reload -&gt; /mnt/c/Users/nelim/Documents/rimworld/pickle-reports/screenshots/manual--scenario-13---contentment-after-save-and-reload--step0.png
Attachment: film-frames -&gt; /mnt/c/Users/nelim/Documents/rimworld/pickle-reports/screenshots/film/Contentment-survives-a-save-and-reload--level-and-last-feed-memory-return-with-the-animal/0000.jpg
</system-out>
    </testcase>
  </testsuite>
</testsuites>