<?xml version="1.0" encoding="utf-8"?>
<testsuites>
  <testsuite name="Scenario 01 assigns Contentment only to eligible colony producers" tests="1" failures="0" skipped="0" flakes="0" time="12.745">
    <testcase name="cow and hen have the need while husky colonist and wild animal do not" classname="Scenario 01 assigns Contentment only to eligible colony producers" time="12.745">
      <system-out>Attachment: smoke-attachment -&gt; smoke test attachment content
Attachment: scenario 01 - cow has contentment -&gt; /mnt/c/Users/nelim/Documents/rimworld/pickle-reports/screenshots/manual--scenario-01---cow-has-contentment--step0.png
Attachment: scenario 01 - hen has contentment -&gt; /mnt/c/Users/nelim/Documents/rimworld/pickle-reports/screenshots/manual--scenario-01---hen-has-contentment--step0.png
Attachment: scenario 01 - husky has no contentment -&gt; /mnt/c/Users/nelim/Documents/rimworld/pickle-reports/screenshots/manual--scenario-01---husky-has-no-contentment--step0.png
Attachment: scenario 01 - colonist has no contentment -&gt; /mnt/c/Users/nelim/Documents/rimworld/pickle-reports/screenshots/manual--scenario-01---colonist-has-no-contentment--step0.png
Attachment: scenario 01 - wild animal has no contentment -&gt; /mnt/c/Users/nelim/Documents/rimworld/pickle-reports/screenshots/manual--scenario-01---wild-animal-has-no-contentment--step0.png
</system-out>
    </testcase>
  </testsuite>
</testsuites>