<?xml version="1.0" encoding="utf-8"?>
<testsuites>
  <testsuite name="Settings are written for a separate-process restart" tests="1" failures="0" skipped="0" flakes="0" time="11.488">
    <testcase name="write distinctive settings and keep them for the next launch" classname="Settings are written for a separate-process restart" time="11.488">
      <system-out>Attachment: smoke-attachment -&gt; smoke test attachment content
Attachment: scenario 13 - distinctive settings before process restart -&gt; /mnt/c/Users/nelim/Documents/rimworld/pickle-reports/screenshots/manual--scenario-13---distinctive-settings-before-process-restart--step0.png
</system-out>
    </testcase>
  </testsuite>
</testsuites>